<?xml version="1.0" encoding="UTF-8"?>
<testng-results ignored="0" total="1" passed="0" failed="1" skipped="0">
  <reporter-output>
  </reporter-output>
  <suite started-at="2019-02-02T13:11:45Z" name="Default suite" finished-at="2019-02-02T13:12:17Z" duration-ms="32737">
    <groups>
    </groups>
    <test started-at="2019-02-02T13:11:45Z" name="Default test" finished-at="2019-02-02T13:12:17Z" duration-ms="32737">
      <class name="com.resonantiatechnologie.amazon.pom.testcases.AmazonPrimeTestCases">
        <test-method is-config="true" signature="setUp()[pri:0, instance:com.resonantiatechnologie.amazon.pom.testcases.AmazonPrimeTestCases@659499f1]" started-at="2019-02-02T13:11:45Z" name="setUp" finished-at="2019-02-02T13:11:59Z" duration-ms="13758" status="PASS">
          <reporter-output>
          </reporter-output>
        </test-method> <!-- setUp -->
        <test-method signature="amazonPrimeTest()[pri:0, instance:com.resonantiatechnologie.amazon.pom.testcases.AmazonPrimeTestCases@659499f1]" started-at="2019-02-02T13:11:59Z" name="amazonPrimeTest" finished-at="2019-02-02T13:12:17Z" duration-ms="18904" status="FAIL">
          <exception class="java.lang.NullPointerException">
            <full-stacktrace>
              <![CDATA[java.lang.NullPointerException
at java.base/java.lang.reflect.Method.invoke(Unknown Source)
at org.openqa.selenium.support.pagefactory.internal.LocatingElementHandler.invoke(LocatingElementHandler.java:51)
at com.sun.proxy.$Proxy12.click(Unknown Source)
at com.resonantiatechnologie.amazon.pom.pages.OnlineShopingSiteInIndia.clickOnTryPrimeLink(OnlineShopingSiteInIndia.java:47)
at com.resonantiatechnologie.amazon.pom.testcases.AmazonPrimeTestCases.amazonPrimeTest(AmazonPrimeTestCases.java:38)
at java.base/jdk.internal.reflect.NativeMethodAccessorImpl.invoke0(Native Method)
at java.base/jdk.internal.reflect.NativeMethodAccessorImpl.invoke(Unknown Source)
at java.base/jdk.internal.reflect.DelegatingMethodAccessorImpl.invoke(Unknown Source)
at java.base/java.lang.reflect.Method.invoke(Unknown Source)
at org.testng.internal.MethodInvocationHelper.invokeMethod(MethodInvocationHelper.java:124)
at org.testng.internal.Invoker.invokeMethod(Invoker.java:583)
at org.testng.internal.Invoker.invokeTestMethod(Invoker.java:719)
at org.testng.internal.Invoker.invokeTestMethods(Invoker.java:989)
at org.testng.internal.TestMethodWorker.invokeTestMethods(TestMethodWorker.java:125)
at org.testng.internal.TestMethodWorker.run(TestMethodWorker.java:109)
at org.testng.TestRunner.privateRun(TestRunner.java:648)
at org.testng.TestRunner.run(TestRunner.java:505)
at org.testng.SuiteRunner.runTest(SuiteRunner.java:455)
at org.testng.SuiteRunner.runSequentially(SuiteRunner.java:450)
at org.testng.SuiteRunner.privateRun(SuiteRunner.java:415)
at org.testng.SuiteRunner.run(SuiteRunner.java:364)
at org.testng.SuiteRunnerWorker.runSuite(SuiteRunnerWorker.java:52)
at org.testng.SuiteRunnerWorker.run(SuiteRunnerWorker.java:84)
at org.testng.TestNG.runSuitesSequentially(TestNG.java:1208)
at org.testng.TestNG.runSuitesLocally(TestNG.java:1137)
at org.testng.TestNG.runSuites(TestNG.java:1049)
at org.testng.TestNG.run(TestNG.java:1017)
at org.testng.remote.AbstractRemoteTestNG.run(AbstractRemoteTestNG.java:114)
at org.testng.remote.RemoteTestNG.initAndRun(RemoteTestNG.java:251)
at org.testng.remote.RemoteTestNG.main(RemoteTestNG.java:77)
]]>
            </full-stacktrace>
          </exception> <!-- java.lang.NullPointerException -->
          <reporter-output>
          </reporter-output>
        </test-method> <!-- amazonPrimeTest -->
      </class> <!-- com.resonantiatechnologie.amazon.pom.testcases.AmazonPrimeTestCases -->
    </test> <!-- Default test -->
  </suite> <!-- Default suite -->
</testng-results>
